  1  A                         **********************************
  2  A                         *PROGRAMA DE EJEMPLO
  3  A                         **********************************
  4  A        1026            PACTL  EQU   $1026
  5  A        1030            ADCTL  EQU   $1030
  6  A        1031            ADR1   EQU   $1031
  7  A        1032            ADR2   EQU   $1032
  8  A        1033            ADR3   EQU   $1033
  9  A        1034            ADR4   EQU   $1034
 10  A        1039            OPTION EQU   $1039
 11  A                         
 12  A        1000            PORTA  EQU   $1000
 13  A        1008            PORTD  EQU   $1008
 14  A        100A            PORTE  EQU   $100A
 15  A        1002            PORTG  EQU   $1002
 16  A                         
 17  A        1001            DDRA   EQU   $1001
 18  A        1009            DDRD   EQU   $1009
 19  A        1003            DDRG   EQU   $1003
 20  A                         
 21  A        1024            TMSK2  EQU   $1024
 22  A        1025            TFLG2  EQU   $1025
 23  A                         
 24  A        102F            SCDR   EQU   $102F
 25  A        102D            SCCR2  EQU   $102D
 26  A        102E            SCSR   EQU   $102E
 27  A        102C            SCCR1  EQU   $102C
 28  A        102B            BAUD   EQU   $102B
 29  A        103C            HPRIO  EQU   $103C
 30  A        1028            SPCR   EQU   $1028
 31  A        105D            CSCTL  EQU   $105D
 32  A        1038            OPT2   EQU   $1038
 33  A                         
 34  A                         * VARIABLES *********************
 35  A                         
 36  A        000C            ORDEN  EQU   $000C
 37  A        000D            SEG    EQU   $000D
 38  A        000E            U1     EQU   $000E
 39  A        000F            U2     EQU   $000F
 40  A        0010            U3     EQU   $0010
 41  A        0011            U4     EQU   $0011
 42  A        0012            U5     EQU   $0012
 43  A        0013            V1     EQU   $0013
 44  A        0016            BAS_L  EQU   $0016
 45  A        0017            V5     EQU   $0017
 46  A        0018            TEMPO  EQU   $0018
 47  A        0019            ALTO   EQU   $0019
 48  A        001A            BAJO   EQU   $001A
 49  A        001B            BASE_H EQU   $001B
 50  A        001C            BASE_L EQU   $001C
 51  A        001D            V3     EQU   $001D
 52  A        001E            V4     EQU   $001E
 53  A                         
 54  A                         **********************************
 55  A                         *CONFIGURA REGISTROS
 56  A                         **********************************
 57  E                        ORG   $8000   * DIR DE INICIO
   ^^^^   09- INSTRUCCION CARECE DE AL MENOS UN ESPACIO RELATIVO AL MARGEN 
 58  E                        LDS   #$03FF  * APUNTADOR DE STAK
   ^^^^   09- INSTRUCCION CARECE DE AL MENOS UN ESPACIO RELATIVO AL MARGEN 
 59  A                         
 60  A                                        
 61  E                        LDAA  #$00    * CONFIG TODO EL PUERTO  A COMO ENTRADAS
   ^^^^   09- INSTRUCCION CARECE DE AL MENOS UN ESPACIO RELATIVO AL MARGEN 
 62  E                        STAA  DDRA    * EL PUERTO A
   ^^^^   09- INSTRUCCION CARECE DE AL MENOS UN ESPACIO RELATIVO AL MARGEN 
 63  A                                
 64  A  8000  860F                   LDAA  #$F    * CONFIG TODO EL PUERTO  G COMO SALIDAS
 65  A  8002  B71003                 STAA  DDRG    * EL PUERTO G 
 66  A                         
 67  A  8005  8600                   LDAA  #$00    * SE PONE PUERTO G EN CEROS
 68  A  8007  B71002                 STAA  PORTG
 69  A                                
 70  E                               LDD   #$302C5  * CONFIGURA PUERTO SERIAL
   ^^^^   07- MAGNITUD DE OPERANDO ERRONEA 
 71  E                               STAA  BAU    * BAUD  9600  para cristal de 8MHz
   ^^^^   02- VARIABLE INEXISTENTE 05- INSTRUCCION CARECE DE OPERANDOS 
 72  A  800B  F7102D                 STAB  SCCR2   * HABILITA  RX Y TX PERO INTERRUPCN SOLO RX
 73  A  800E  8600                   LDAA  #$00
 74  A  8010  B7102C                 STAA  SCCR1   * 8 BITS
 75  A                         
 76  A  8013  86FE                   LDAA  #$FE    * CONFIG PUERTO D COMO SALIDAS (EXCEPTO PD0)
 77  A  8015  B71009                 STAA  DDRD    * SEA  ENABLE DEL DISPLAY  PD4  Y RS PD3
 78  A                                              
 79  A                               
 80  A  8018  8604                   LDAA  #$04
 81  A  801A  B7103C                 STAA  HPRIO
 82  A                         
 83  A  801D  8600                   LDAA  #$00
 84  A  801F  06                     TAP
 85  A                         
 86  A                         
 87  A                         
 88  A                                
 89  A                         
 90  A                         
 91  A                         
 92  A                         **********************************
 93  A                         *PROGRAMA PRINCIPAL
 94  A                         **********************************
 95  A  8020                  MAIN   
 96  A  8020  BD8089                 JSR   INICIA
 97  A  8023  863F                   LDAA  #$3F
 98  A  8025  970C                   STAA  ORDEN         * CARGO UN (?) en 000A
 99  A                         
100  A                                
101  A  8027                  CICLO
102  A  8027  960D                   LDAA  SEG
103  A  8029  27FC                   BEQ   CICLO 
104  A  802B  7F000D                 CLR   SEG
105  A                                
106  E                               LDAA  PACNT
   ^^^^   02- VARIABLE INEXISTENTE 07- MAGNITUD DE OPERANDO ERRONEA 
107  A  802F  9717                   STAA  V5
108  E                               CLR   PACNT
   ^^^^   02- VARIABLE INEXISTENTE 07- MAGNITUD DE OPERANDO ERRONEA 
109  A                         
110  A                                
111  A  8032  BD819C                 JSR   DATARXESELMEJORDETODOS        * DESPLIEGA DATO TRANSMITIDO
112  A  8035  1809                   DEY
113  A  8037  188F                   XGDY 
114  E                               STAA  ALTER
   ^^^^   02- VARIABLE INEXISTENTE 07- MAGNITUD DE OPERANDO ERRONEA 
115  A  803A  D71A                   STAB  BAJO
116  A  803C  188F                   XGDY
117  A  803E  9619                   LDAA  ALTO
118  A  8040  D61A                   LDAB  BAJO
119  A  8042  BD81FD                 JSR   BINBCD
120  A  8045  BD8133                 JSR   DISPLAY
121  A  8048  BD8123                 JSR   COMA
122  A  804B  BD81B8                 JSR   VOLTA
123  A                                
124  A  804E  4F                     CLRA
125  A  804F  D613                   LDAB  V1
126  A  8051  BD820D                 JSR   BNBCD
127  A  8054  BD8152                 JSR   DSPLY
128  A  8057  BD8123                 JSR   COMA
129  A                         
130  E                               CLR
   ^^^^   05- INSTRUCCION CARECE DE OPERANDOS 
131  E                               LDAB  V2
   ^^^^   02- VARIABLE INEXISTENTE 
132  A  805B  BD820D                 JSR   BNBCD
133  A  805E  BD8152                 JSR   DSPLY
134  A  8061  BD8123                 JSR   COMA
135  A                         
136  A  8064  4F                     CLRA
137  E                               LDB  V3
   ^^^^   04- MNEMONICO INEXISTENTE 
138  A  8065  BD820D                 JSR   BNBCD
139  A  8068  BD8152                 JSR   DSPLY
140  A  806B  BD8123                 JSR   COMA
141  A                         
142  A  806E  4F                     CLRA
143  A  806F  D61E                   LDAB  V4
144  A  8071  BD820D                 JSR   BNBCD
145  A  8074  BD8152                 JSR   DSPLY
146  A  8077  BD8123                 JSR   COMA
147  A                          
148  A  807A  4F                     CLRA
149  A  807B  D617                   LDAB  V5
150  A  807D  BD820D                 JSR   BNBCD
151  A  8080  BD8152                 JSR   DSPLY
152  A                                
153  A  8083  BD8180                 JSR   CRYTRN
154  A                             
155  A  8086  7E8027                 JMP   CICLO
156  A                         
157  A                         
158  A                         ***********************************
159  A                         * INICIA
160  A                         ***********************************
161  A  8089                  INICIA
162  A                              
163  A  8089  7F000D                CLR  SEG
164  A                         
165  A  808C  7F1002                CLR  PORTG
166  A  808F  86F4                  LDAA #$F4         
167  A  8091  9718                  STAA TEMPO         * TEMPO ES VARIABLE PARA CONTAR 244 CICLOS
168  A                         
169  A  8093  CE1024                LDX #TMSK2
170  A  8096  1C0040                BSET $00,X,#$40    * HABILITA INTERRUPCION TIMER T-REAL
171  A  8099  0E                    CLI
172  A                         
173  A  809A  CE1026                LDX #PACTL
174  A  809D  1C0050                BSET $00,X,#$50    * HABILITA PAEN -ACUMULADOR PULSOS ALTOS-
175  E                              CLR PACNT          * BORRA ACUMULADOR DE PULSOS
   ^^^^   02- VARIABLE INEXISTENTE 07- MAGNITUD DE OPERANDO ERRONEA 
176  A                         
177  A  80A1  8610                  LDAA #$10
178  A  80A3  971B                  STAA BASE_H        * PONE UN #1060 COMO DIRECCION BASE INICIAL
179  A  80A5  8660                  LDAA #$60
180  A  80A7  971C                  STAA BASE_L    
181  A                               
182  A  80A9  18CE1060              LDY  #$1060      
183  A                               
184  A  80AD  8616                  LDAA #$16
185  E                              STAA BAS_H        * PONE UN #1653 NUMERO TOTAL DE JUEGO DE MUESTRAS
   ^^^^   02- VARIABLE INEXISTENTE 07- MAGNITUD DE OPERANDO ERRONEA 
186  A  80B0  8653                  LDAA #$53
187  A  80B2  9716                  STAA BAS_L   
188  A                         
189  A                         
190  A  80B4  7F0019                CLR  ALTO          * INICIA INDICE MUESTRA EN 0
191  A  80B7  7F001A                CLR  BAJO
192  A                         
193  A  80BA  39                     RTS
194  A                         ***********************************
195  A                         * SACA
196  A                         ***********************************
197  A  80BB                  SACA
198  A                                     
199  A                                
200  A  80BB  9619                   LDAA  ALTO         * INDICE DE MUESTRA (SEGUNDO)
201  A  80BD  D61A                   LDAB  BAJO
202  A  80BF  188F                   XGDY
203  A  80C1  1808                   INY
204  A  80C3  188F                   XGDY
205  A  80C5  BD81FD                 JSR   BINBCD
206  A  80C8  BD8133                 JSR   DISPLAY
207  A  80CB  BD8123                 JSR   COMA
208  A                          
209  A  80CE  961B                   LDAA  BASE_H       * INDICE DE MUESTRA (PARTICULAR)
210  A  80D0  D61C                   LDAB  BASE_L
211  A  80D2  188F                   XGDY
212  A                                
213  A  80D4  1808                   INY
214  A  80D6  4F                     CLRA
215  A  80D7  18E600                 LDAB  $00,Y  
216  A  80DA  BD820D                 JSR   BNBCD
217  A  80DD  BD8152                 JSR   DSPLY
218  A  80E0  BD8123                 JSR   COMA
219  A                         
220  A  80E3  1808                   INY
221  A  80E5  4F                     CLRA
222  A  80E6  18E600                 LDAB  $00,Y
223  A  80E9  BD820D                 JSR   BNBCD
224  A  80EC  BD8152                 JSR   DSPLY
225  A  80EF  BD8123                 JSR   COMA
226  A                         
227  A  80F2  1808                   INY
228  A  80F4  4F                     CLRA
229  A  80F5  18E600                 LDAB  $00,Y
230  A  80F8  BD820D                 JSR   BNBCD
231  A  80FB  BD8152                 JSR   DSPLY
232  A  80FE  BD8123                 JSR   COMA
233  A                         
234  A  8101  1808                   INY
235  A  8103  4F                     CLRA
236  A  8104  18E600                 LDAB  $00,Y
237  A  8107  BD820D                 JSR   BNBCD
238  A  810A  BD8152                 JSR   DSPLY
239  A  810D  BD8123                 JSR   COMA
240  A                          
241  A  8110  1808                   INY
242  A  8112  4F                     CLRA 
243  A  8113  18E600                 LDAB  $00,Y
244  A  8116  BD820D                 JSR   BNBCD
245  A  8119  BD8152                 JSR   DSPLY
246  A                                
247  A  811C  188F                   XGDY
248  A  811E  971B                   STAA BASE_H
249  A  8120  D71C                   STAB BASE_L
250  A                         
251  E                               JR   CRYTRN
   ^^^^   04- MNEMONICO INEXISTENTE 02- VARIABLE INEXISTENTE 
252  A                         
253  A  8122  39                     RTS
254  A                         ***********************************
255  A                         * COMA
256  A                         ***********************************
257  A  8123                  COMA
258  A  8123  CE102E                 LDX   #SCSR 
259  A                                
260  A  8126  B6102E                 LDAA  SCSR
261  A  8129  862C                   LDAA  #$2C             * COMA
262  A  812B  B7102F                 STAA  SCDR
263  A  812E                  C1
264  A  812E  1F0080FC               BRCLR $00,X,#$80 C1 
265  A  8132  39                     RTS
266  A                         ***********************************
267  A                         * DESPLIEGA
268  A                         ***********************************
269  A  8133                  DISPLAY
270  A                                
271  A  8133  CE102E                 LDX   #SCSR 
272  A                                
273  A  8136  B6102E                 LDAA  SCSR
274  A  8139  960E                   LDAA  U1             * U
275  A  813B  8B30                   ADDA  #$30
276  A  813D  B7102F                 STAA  SCDR
277  A  8140                  T1
278  A  8140  1F0080FC               BRCLR $00,X,#$80 T1 
279  A                               
280  A  8144  B6102E                 LDAA  SCSR
281  A  8147  960F                   LDAA  U2             * U2
282  A  8149  8B30                   ADDA  #$30
283  A  814B  B7102F                 STAA  SCDR
284  A  814E                  T2
285  A  814E  1F0080FC               BRCLR $00,X,#$80 T2 
286  A                         
287  A  8152                  DSPLY  
288  A  8152  CE102E                 LDX   #SCSR
289  A                             
290  A  8155  B6102E                 LDAA SCSR
291  A  8158  9610                   LDAA  U3             * U3
292  A  815A  8B30                   ADDA  #$30
293  A  815C  B7102F                 STAA  SCDR
294  A  815F                  T3
295  A  815F  1F0080FC               BRCLR $00,X,#$80 T3 
296  A                               
297  A  8163  B6102E                 LDAA SCSR 
298  A  8166  9611                   LDAA  U4             * U4
299  A  8168  8B30                   ADDA  #$30
300  A  816A  B7102F                 STAA  SCDR
301  A  816D                  T4
302  A  816D  1F0080FC               BRCLR $00,X,#$80 T4 
303  A                            
304  A  8171  B6102E                 LDAA SCSR
305  A  8174  9612                   LDAA  U5             * U5
306  A  8176  8B30                   ADDA  #$30
307  A  8178  B7102F                 STAA  SCDR
308  A  817B                  T5
309  A  817B  1F0080FC               BRCLR $00,X,#$80 T5  
310  A                                
311  A  817F  39                     RTS
312  A                         
313  A                         ***********************************
314  A                         * CARRY RETURN
315  A                         ***********************************
316  A                         
317  A  8180                  CRYTRN
318  A  8180  CE102E                 LDX   #SCSR 
319  A  8183  B6102E                 LDAA  SCSR
320  A  8186  860A                   LDAA  #$0A             * NEW LINE     
321  A  8188  B7102F                 STAA  SCDR
322  A  818B                  CR1
323  A  818B  1F0080FC               BRCLR $00,X,#$80 CR1        
324  A                         
325  A  818F  B6102E                 LDAA SCSR
326  A  8192  860D                   LDAA #$0D              * CARRY RETURN     
327  A  8194  B7102F                 STAA SCDR
328  A  8197                  CR2
329  A  8197  1F0080FC               BRCLR $00,X,#$80 CR2        
330  A                         
331  A  819B  39                     RTS
332  A                         ***********************************
333  A                         *  DESPLIEGUE DE DATO RECIBIDO
334  A                         ***********************************
335  A                         
336  A  819C                  DATARXESELMEJORDETODOS
337  A                         
338  A  819C  CE102E                 LDX   #SCSR 
339  A  819F  B6102E                 LDAA  SCSR
340  A  81A2  960C                   LDAA  ORDEN             * NEW LINE     
341  A  81A4  B7102F                 STAA  SCDR
342  A  81A7                  DT1
343  A  81A7  1F0080FC               BRCLR $00,X,#$80 DT1        
344  A                         
345  A  81AB  B6102E                 LDAA SCSR 
346  A  81AE  863A                   LDAA #$3A              * DOS PUNTOS    
347  A  81B0  B7102F                 STAA SCDR
348  A  81B3                  DT2
349  A  81B3  1F0080FC               BRCLR $00,X,#$80 DT2        
350  A                         
351  A  81B7  39                     RTS
352  A                         ***********************************
353  A                         * voltimetro
354  A                         ***********************************
355  A  81B8                  VOLTA
356  A  81B8  CE1030                LDX #ADCTL      
357  A                         
358  A  81BB  8680                  LDAA #$80
359  A  81BD  B71039                STAA OPTION        * PONE EN MARCHA EL ADC
360  A                             
361  A  81C0  8610                  LDAA #$10
362  A  81C2  B71030                STAA ADCTL         * ENTRADA MULTIPLE SELECCIONA CANAL 0
363  A                         
364  A  81C5                  E1
365  A  81C5  1F0080FC              BRCLR $00,X,#$80 E1  
366  A  81C9  F61031                LDAB ADR1
367  A  81CC  D713                  STAB V1
368  A                               
369  A  81CE  8680                  LDAA #$80
370  A  81D0  B71039                STAA OPTION        * PONE EN MARCHA EL ADC
371  A                             
372  A  81D3  8611                  LDAA #$11
373  A  81D5  B71030                STAA ADCTL         * ENTRADA MULTIPLE SELECCIONA CANAL 1
374  A                         
375  A  81D8                  E2
376  A  81D8  1F0080FC              BRCLR $00,X,#$80 E2  
377  A  81DC  F61032                LDAB ADR2
378  E                              STAB V2
   ^^^^   02- VARIABLE INEXISTENTE 
379  A                              
380  A  81E0  8612                  LDAA #$12
381  A  81E2  B71030                STAA ADCTL         * ENTRADA MULTIPLE SELECCIONA CANAL 2
382  A                         
383  A  81E5                  E3
384  A  81E5  1F0080FC              BRCLR $00,X,#$80 E3  
385  A  81E9  F61033                LDAB ADR3
386  A  81EC  D71D                  STAB V3 
387  A                         
388  A  81EE  8613                  LDAA #$13
389  A  81F0  B71030                STAA ADCTL         * ENTRADA MULTIPLE SELECCIONA CANAL 3
390  A                         
391  A  81F3                  E4
392  A  81F3  1F0080FC              BRCLR $00,X,#$80 E4  
393  A  81F7  F61034                LDAB ADR4
394  A  81FA  D71E                  STAB V4
395  A                         
396  A                                    
397  A  81FC  39                    RTS
398  A                         ***********************************
399  A                         * CONVIERTE A BCD
400  A                         ***********************************
401  A                         
402  A  81FD                  BINBCD
403  A                              
404  A  81FD  CE2710                LDX  #$2710
405  A  8200  02                    IDIV 
406  A  8201  8F                    XGDX
407  A  8202  D70E                  STAB U1
408  A  8204  8F                    XGDX
409  A  8205  CE03E8                LDX  #$3E8
410  A  8208  02                    IDIV
411  A  8209  8F                    XGDX
412  A  820A  D70F                  STAB U2
413  A  820C  8F                    XGDX
414  A                         
415  A  820D                  BNBCD
416  A  820D  CE0064                LDX  #$64
417  A  8210  02                    IDIV
418  A  8211  8F                    XGDX
419  A  8212  D710                  STAB U3
420  A  8214  8F                    XGDX
421  A  8215  CE000A                LDX  #$A
422  A  8218  02                    IDIV
423  A  8219  8F                    XGDX
424  A  821A  D711                  STAB U4
425  A  821C  8F                    XGDX
426  A  821D  D712                  STAB U5
427  A                         
428  A                         
429  A                         
430  A  821F  39                    RTS
431  A                         
432  A                         
433  A                         
434  A                         ***********************************
435  A                         * ATENCION A INTERRUPCION SERIAL
436  A                         ***********************************
437  A  F100                         ORG  $F100
438  A                           
439  A  F100  36                     PSHA
440  A                          
441  A  F101  B6102E                 LDAA SCSR
442  A  F104  B6102F                 LDAA SCDR
443  A  F107  970C                   STAA ORDEN
444  A                         
445  A  F109  32                     PULA  
446  A                         
447  A  F10A  3B                     RTI
448  A                         
449  A                         ***********************************
450  A                         * ATENCION A INTERRUPCION REAL TIME
451  A                         ***********************************
452  A  F110                        ORG  $F110
453  A                         
454  A  F110  36                    PSHA
455  A  F111  3C                    PSHX
456  A                         
457  A  F112  CE1025                LDX #TFLG2
458  A  F115  1C0040                BSET $00,X,#$40    * BORRA BANDERA INTERRUPCION
459  A  F118  7A0018                DEC TEMPO
460  A  F11B  2703                  BEQ SEGUNDO
461  A                               
462  A  F11D  32                    PULA
463  A  F11E  38                    PULX
464  A  F11F  3B                    RTI
465  A                         
466  A  F120                  SEGUNDO
467  A  F120  86FF                  LDAA #$FF
468  A  F122  970D                  STAA SEG           * SEG ES UNA BANDERA DE SEGUNDO    
469  A  F124  86F4                  LDAA #$F4         
470  A  F126  9718                  STAA TEMPO         * TEMPO ES VARIABLE PARA CONTAR 244 CICLOS
471  A  F128  7C1002                INC  PORTG
472  A                              
473  A  F12B  32                    PULA
474  A  F12C  38                    PULX
475  A  F12D  3B                    RTI
476  A                         ***********************************
477  A                         * VECTOR INTERRUPCION SERIAL
478  A                         ***********************************
479  A  FFD6                         ORG   $FFD6
480  A  FFD6                         FCB   $F1,$00       
481  A                         
482  A                         ***********************************
483  A                         * VECTOR INTERRUPCION REAL TIME
484  A                         ***********************************
485  A  FFF0                         ORG   $FFF0
486  A  FFF0                         FCB   $F1,$10       
487  A                         
488  A                         ***********************************
489  A                         *RESET
490  A                         ***********************************
491  A  FFFE                         ORG    $FFFE
492  A  FFFE                  RESET  FCB    $80,$00
493  A                         ***********************************
494  A  FFFE                         END   $8000
495  A                         
496  A                         
497  A                         

 Tabla de Variables 
     ADCTL    1030
      ADR1    1031
      ADR2    1032
      ADR3    1033
      ADR4    1034
      ALTO    0019
      BAJO    001A
    BASE_H    001B
    BASE_L    001C
     BAS_L    0016
      BAUD    102B
     CSCTL    105D
      DDRA    1001
      DDRD    1009
      DDRG    1003
     HPRIO    103C
      OPT2    1038
    OPTION    1039
     ORDEN    000C
     PACTL    1026
     PORTA    1000
     PORTD    1008
     PORTE    100A
     PORTG    1002
     SCCR1    102C
     SCCR2    102D
      SCDR    102F
      SCSR    102E
       SEG    000D
      SPCR    1028
     TEMPO    0018
     TFLG2    1025
     TMSK2    1024
        U1    000E
        U2    000F
        U3    0010
        U4    0011
        U5    0012
        V1    0013
        V3    001D
        V4    001E
        V5    0017
