  1  A                         **********************************
  2  A                         *PROGRAMA DE EJEMPLO
  3  A                         **********************************
  4  A        1026            PACTL  EQU   $1026
  5  A        1030            ADCTL  EQU   $1030
  6  A        1031            ADR1   EQU   $1031
  7  A        1032            ADR2   EQU   $1032
  8  A        1033            ADR3   EQU   $1033
  9  A        1034            ADR4   EQU   $1034
 10  A        1039            OPTION EQU   $1039
 11  A                         
 12  A        1000            PORTA  EQU   $1000
 13  A        1008            PORTD  EQU   $1008
 14  A        100A            PORTE  EQU   $100A
 15  A        1002            PORTG  EQU   $1002
 16  A                         
 17  A        1001            DDRA   EQU   $1001
 18  A        1009            DDRD   EQU   $1009
 19  A        1003            DDRG   EQU   $1003
 20  A                         
 21  A        1024            TMSK2  EQU   $1024
 22  A        1025            TFLG2  EQU   $1025
 23  A                         
 24  A        102F            SCDR   EQU   $102F
 25  A        102D            SCCR2  EQU   $102D
 26  A        102E            SCSR   EQU   $102E
 27  A        102C            SCCR1  EQU   $102C
 28  A        102B            BAUD   EQU   $102B
 29  A        103C            HPRIO  EQU   $103C
 30  A        1028            SPCR   EQU   $1028
 31  A        105D            CSCTL  EQU   $105D
 32  A        1038            OPT2   EQU   $1038
 33  A                         
 34  A                         * VARIABLES *********************
 35  A                         
 36  A        000C            ORDEN  EQU   $000C
 37  A        000D            SEG    EQU   $000D
 38  A        000E            U1     EQU   $000E
 39  A        000F            U2     EQU   $000F
 40  A        0010            U3     EQU   $0010
 41  A        0011            U4     EQU   $0011
 42  A        0012            U5     EQU   $0012
 43  A        0013            V1     EQU   $0013
 44  A        0016            BAS_L  EQU   $0016
 45  A        0017            V5     EQU   $0017
 46  A        0018            TEMPO  EQU   $0018
 47  A        0019            ALTO   EQU   $0019
 48  A        001A            BAJO   EQU   $001A
 49  A        001B            BASE_H EQU   $001B
 50  A        001C            BASE_L EQU   $001C
 51  A        001D            V3     EQU   $001D
 52  A        001E            V4     EQU   $001E
 53  A                         
 54  A                         **********************************
 55  A                         *CONFIGURA REGISTROS
 56  A                         **********************************
 57  E                         ORG   $8000   * DIR DE INICIO
   ^^^^   09- INSTRUCCION CARECE DE AL MENOS UN ESPACIO RELATIVO AL MARGEN 
 58  E                         LDS   #$03FF  * APUNTADOR DE STAK
   ^^^^   09- INSTRUCCION CARECE DE AL MENOS UN ESPACIO RELATIVO AL MARGEN 
 59  A                         
 60  A                                        
 61  E                         LDAA  #$00    * CONFIG TODO EL PUERTO  A COMO ENTRADAS
   ^^^^   09- INSTRUCCION CARECE DE AL MENOS UN ESPACIO RELATIVO AL MARGEN 
 62  E                         STAA  DDRA    * EL PUERTO A
   ^^^^   09- INSTRUCCION CARECE DE AL MENOS UN ESPACIO RELATIVO AL MARGEN 
 63  A                                
 64  E  8000  86                     LDAA  #$F    * CONFIG TODO EL PUERTO  G COMO SALIDAS
   ^^^^   07- MAGNITUD DE OPERANDO ERRONEA 
 65  A  8001  B71003                 STAA  DDRG    * EL PUERTO G 
 66  A                         
 67  A  8004  8600                   LDAA  #$00    * SE PONE PUERTO G EN CEROS
 68  A  8006  B71002                 STAA  PORTG
 69  A                                
 70  E  8009  CC                     LDD   #$302C5  * CONFIGURA PUERTO SERIAL
   ^^^^   07- MAGNITUD DE OPERANDO ERRONEA 
 71  E  8010  B7                     STAA  BAU    * BAUD  9600  para cristal de 8MHz
   ^^^^   02- VARIABLE INEXISTENTE 07- MAGNITUD DE OPERANDO ERRONEA 
 72  A  8011  F7102D                 STAB  SCCR2   * HABILITA  RX Y TX PERO INTERRUPCN SOLO RX
 73  A  8014  8600                   LDAA  #$00
 74  A  8016  B7102C                 STAA  SCCR1   * 8 BITS
 75  A                         
 76  A  8019  86FE                   LDAA  #$FE    * CONFIG PUERTO D COMO SALIDAS (EXCEPTO PD0)
 77  A  8021  B71009                 STAA  DDRD    * SEA  ENABLE DEL DISPLAY  PD4  Y RS PD3
 78  A                                              
 79  A                               
 80  A  8024  8604                   LDAA  #$04
 81  A  8026  B7103C                 STAA  HPRIO
 82  A                         
 83  A  8029  8600                   LDAA  #$00
 84  A  8031  06                     TAP
 85  A                         
 86  A                         
 87  A                         
 88  A                                
 89  A                         
 90  A                         
 91  A                         
 92  A                         **********************************
 93  A                         *PROGRAMA PRINCIPAL
 94  A                         **********************************
 95  A  NaN                   MAIN   
 96  E  8032  BD                     JSR   INICIA
   ^^^^   02- VARIABLE INEXISTENTE 07- MAGNITUD DE OPERANDO ERRONEA 
 97  A  8033  863F                   LDAA  #$3F
 98  A  8035  B7000C                 STAA  ORDEN         * CARGO UN (?) en 000A
 99  A                         
100  A                                
101  A  NaN                   CICLO
102  A  8038  B6000D                 LDAA  SEG
103  A  8041  27F3                   BEQ   CICLO 
104  A  8042  7F000D                 CLR   SEG
105  A                                
106  E  8045  B6                     LDAA  PACNT
   ^^^^   02- VARIABLE INEXISTENTE 07- MAGNITUD DE OPERANDO ERRONEA 
107  A  8046  B70017                 STAA  V5
108  E  8049  7F                     CLR   PACNT
   ^^^^   02- VARIABLE INEXISTENTE 07- MAGNITUD DE OPERANDO ERRONEA 
109  A                         
110  A                                
111  E  8050  BD                     JSR   DATARXESELMEJORDETODOS        * DESPLIEGA DATO TRANSMITIDO
   ^^^^   02- VARIABLE INEXISTENTE 07- MAGNITUD DE OPERANDO ERRONEA 
112  A  8051  1809                   DEY
113  A  8053  188F                   XGDY 
114  E  8055  B7                     STAA  ALTER
   ^^^^   02- VARIABLE INEXISTENTE 07- MAGNITUD DE OPERANDO ERRONEA 
115  A  8056  F7001A                 STAB  BAJO
116  A  8059  188F                   XGDY
117  A  8061  B60019                 LDAA  ALTO
118  A  8064  F6001A                 LDAB  BAJO
119  E  8067  BD                     JSR   BINBCD
   ^^^^   02- VARIABLE INEXISTENTE 07- MAGNITUD DE OPERANDO ERRONEA 
120  E  8068  BD                     JSR   DISPLAY
   ^^^^   02- VARIABLE INEXISTENTE 07- MAGNITUD DE OPERANDO ERRONEA 
121  E  8069  BD                     JSR   COMA
   ^^^^   02- VARIABLE INEXISTENTE 
122  E  8070  BD                     JSR   VOLTA
   ^^^^   02- VARIABLE INEXISTENTE 07- MAGNITUD DE OPERANDO ERRONEA 
123  A                                
124  A  8071  4F                     CLRA
125  A  8072  F60013                 LDAB  V1
126  E  8075  BD                     JSR   BNBCD
   ^^^^   02- VARIABLE INEXISTENTE 07- MAGNITUD DE OPERANDO ERRONEA 
127  E  8076  BD                     JSR   DSPLY
   ^^^^   02- VARIABLE INEXISTENTE 07- MAGNITUD DE OPERANDO ERRONEA 
128  E  8077  BD                     JSR   COMA
   ^^^^   02- VARIABLE INEXISTENTE 
129  A                         
130  E  NaN  undefined               CLR
   ^^^^   05- INSTRUCCION CARECE DE OPERANDOS 
131  E  8078  D6                     LDAB  V2
   ^^^^   02- VARIABLE INEXISTENTE 
132  E  8079  BD                     JSR   BNBCD
   ^^^^   02- VARIABLE INEXISTENTE 07- MAGNITUD DE OPERANDO ERRONEA 
133  E  8080  BD                     JSR   DSPLY
   ^^^^   02- VARIABLE INEXISTENTE 07- MAGNITUD DE OPERANDO ERRONEA 
134  E  8081  BD                     JSR   COMA
   ^^^^   02- VARIABLE INEXISTENTE 
135  A                         
136  A  8082  4F                     CLRA
137  E  NaN  undefined               LDB  V3
   ^^^^   04- MNEMONICO INEXISTENTE 
138  E  8083  BD                     JSR   BNBCD
   ^^^^   02- VARIABLE INEXISTENTE 07- MAGNITUD DE OPERANDO ERRONEA 
139  E  8084  BD                     JSR   DSPLY
   ^^^^   02- VARIABLE INEXISTENTE 07- MAGNITUD DE OPERANDO ERRONEA 
140  E  8085  BD                     JSR   COMA
   ^^^^   02- VARIABLE INEXISTENTE 
141  A                         
142  A  8086  4F                     CLRA
143  A  8087  F6001E                 LDAB  V4
144  E  8090  BD                     JSR   BNBCD
   ^^^^   02- VARIABLE INEXISTENTE 07- MAGNITUD DE OPERANDO ERRONEA 
145  E  8091  BD                     JSR   DSPLY
   ^^^^   02- VARIABLE INEXISTENTE 07- MAGNITUD DE OPERANDO ERRONEA 
146  E  8092  BD                     JSR   COMA
   ^^^^   02- VARIABLE INEXISTENTE 
147  A                          
148  A  8093  4F                     CLRA
149  A  8094  F60017                 LDAB  V5
150  E  8097  BD                     JSR   BNBCD
   ^^^^   02- VARIABLE INEXISTENTE 07- MAGNITUD DE OPERANDO ERRONEA 
151  E  8098  BD                     JSR   DSPLY
   ^^^^   02- VARIABLE INEXISTENTE 07- MAGNITUD DE OPERANDO ERRONEA 
152  A                                
153  E  8099  BD                     JSR   CRYTRN
   ^^^^   02- VARIABLE INEXISTENTE 07- MAGNITUD DE OPERANDO ERRONEA 
154  A                             
155  E  8100  7E                     JMP   CICLO
   ^^^^   02- VARIABLE INEXISTENTE 07- MAGNITUD DE OPERANDO ERRONEA 
156  A                         
157  A                         
158  A                         ***********************************
159  A                         * INICIA
160  A                         ***********************************
161  A  NaN                   INICIA
162  A                              
163  A  8101  7F000D                CLR  SEG
164  A                         
165  A  8104  7F1002                CLR  PORTG
166  A  8107  86F4                  LDAA #$F4         
167  A  8109  B70018                STAA TEMPO         * TEMPO ES VARIABLE PARA CONTAR 244 CICLOS
168  A                         
169  A  8112  CE1024                LDX #TMSK2
170  A  8115  1C0040                BSET $00,X,#$40    * HABILITA INTERRUPCION TIMER T-REAL
171  A  8118  0E                    CLI
172  A                         
173  A  8119  CE1026                LDX #PACTL
174  A  8122  1C0050                BSET $00,X,#$50    * HABILITA PAEN -ACUMULADOR PULSOS ALTOS-
175  E  8125  7F                    CLR PACNT          * BORRA ACUMULADOR DE PULSOS
   ^^^^   02- VARIABLE INEXISTENTE 07- MAGNITUD DE OPERANDO ERRONEA 
176  A                         
177  A  8126  8610                  LDAA #$10
178  A  8128  B7001B                STAA BASE_H        * PONE UN #1060 COMO DIRECCION BASE INICIAL
179  A  8131  8660                  LDAA #$60
180  A  8133  B7001C                STAA BASE_L    
181  A                               
182  A  8136  18CE1060              LDY  #$1060      
183  A                               
184  A  8140  8616                  LDAA #$16
185  E  8142  B7                    STAA BAS_H        * PONE UN #1653 NUMERO TOTAL DE JUEGO DE MUESTRAS
   ^^^^   02- VARIABLE INEXISTENTE 07- MAGNITUD DE OPERANDO ERRONEA 
186  A  8143  8653                  LDAA #$53
187  A  8145  B70016                STAA BAS_L   
188  A                         
189  A                         
190  A  8148  7F0019                CLR  ALTO          * INICIA INDICE MUESTRA EN 0
191  A  8151  7F001A                CLR  BAJO
192  A                         
193  A  8154  39                     RTS
194  A                         ***********************************
195  A                         * SACA
196  A                         ***********************************
197  A  NaN                   SACA
198  A                                     
199  A                                
200  A  8155  B60019                 LDAA  ALTO         * INDICE DE MUESTRA (SEGUNDO)
201  A  8158  F6001A                 LDAB  BAJO
202  A  8161  188F                   XGDY
203  A  8163  1808                   INY
204  A  8165  188F                   XGDY
205  E  8167  BD                     JSR   BINBCD
   ^^^^   02- VARIABLE INEXISTENTE 07- MAGNITUD DE OPERANDO ERRONEA 
206  E  8168  BD                     JSR   DISPLAY
   ^^^^   02- VARIABLE INEXISTENTE 07- MAGNITUD DE OPERANDO ERRONEA 
207  E  8169  BD                     JSR   COMA
   ^^^^   02- VARIABLE INEXISTENTE 
208  A                          
209  A  8170  B6001B                 LDAA  BASE_H       * INDICE DE MUESTRA (PARTICULAR)
210  A  8173  F6001C                 LDAB  BASE_L
211  A  8176  188F                   XGDY
212  A                                
213  A  8178  1808                   INY
214  A  8180  4F                     CLRA
215  A  8181  18E600                 LDAB  $00,Y  
216  E  8184  BD                     JSR   BNBCD
   ^^^^   02- VARIABLE INEXISTENTE 07- MAGNITUD DE OPERANDO ERRONEA 
217  E  8185  BD                     JSR   DSPLY
   ^^^^   02- VARIABLE INEXISTENTE 07- MAGNITUD DE OPERANDO ERRONEA 
218  E  8186  BD                     JSR   COMA
   ^^^^   02- VARIABLE INEXISTENTE 
219  A                         
220  A  8187  1808                   INY
221  A  8189  4F                     CLRA
222  A  8190  18E600                 LDAB  $00,Y
223  E  8193  BD                     JSR   BNBCD
   ^^^^   02- VARIABLE INEXISTENTE 07- MAGNITUD DE OPERANDO ERRONEA 
224  E  8194  BD                     JSR   DSPLY
   ^^^^   02- VARIABLE INEXISTENTE 07- MAGNITUD DE OPERANDO ERRONEA 
225  E  8195  BD                     JSR   COMA
   ^^^^   02- VARIABLE INEXISTENTE 
226  A                         
227  A  8196  1808                   INY
228  A  8198  4F                     CLRA
229  A  8199  18E600                 LDAB  $00,Y
230  E  8202  BD                     JSR   BNBCD
   ^^^^   02- VARIABLE INEXISTENTE 07- MAGNITUD DE OPERANDO ERRONEA 
231  E  8203  BD                     JSR   DSPLY
   ^^^^   02- VARIABLE INEXISTENTE 07- MAGNITUD DE OPERANDO ERRONEA 
232  E  8204  BD                     JSR   COMA
   ^^^^   02- VARIABLE INEXISTENTE 
233  A                         
234  A  8205  1808                   INY
235  A  8207  4F                     CLRA
236  A  8208  18E600                 LDAB  $00,Y
237  E  8211  BD                     JSR   BNBCD
   ^^^^   02- VARIABLE INEXISTENTE 07- MAGNITUD DE OPERANDO ERRONEA 
238  E  8212  BD                     JSR   DSPLY
   ^^^^   02- VARIABLE INEXISTENTE 07- MAGNITUD DE OPERANDO ERRONEA 
239  E  8213  BD                     JSR   COMA
   ^^^^   02- VARIABLE INEXISTENTE 
240  A                          
241  A  8214  1808                   INY
242  A  8216  4F                     CLRA 
243  A  8217  18E600                 LDAB  $00,Y
244  E  8220  BD                     JSR   BNBCD
   ^^^^   02- VARIABLE INEXISTENTE 07- MAGNITUD DE OPERANDO ERRONEA 
245  E  8221  BD                     JSR   DSPLY
   ^^^^   02- VARIABLE INEXISTENTE 07- MAGNITUD DE OPERANDO ERRONEA 
246  A                                
247  A  8222  188F                   XGDY
248  A  8224  B7001B                 STAA BASE_H
249  A  8227  F7001C                 STAB BASE_L
250  A                         
251  E  NaN  undefined               JR   CRYTRN
   ^^^^   04- MNEMONICO INEXISTENTE 02- VARIABLE INEXISTENTE 07- MAGNITUD DE OPERANDO ERRONEA 
252  A                         
253  A  8230  39                     RTS
254  A                         ***********************************
255  A                         * COMA
256  A                         ***********************************
257  A  NaN                   COMA
258  A  8231  CE102E                 LDX   #SCSR 
259  A                                
260  A  8234  B6102E                 LDAA  SCSR
261  A  8237  862C                   LDAA  #$2C             * COMA
262  A  8239  B7102F                 STAA  SCDR
263  A  NaN                   C1
264  A  8242  1F0080F4               BRCLR $00,X,#$80 C1 
265  A  8245  39                     RTS
266  A                         ***********************************
267  A                         * DESPLIEGA
268  A                         ***********************************
269  A  NaN                   DISPLAY
270  A                                
271  A  8246  CE102E                 LDX   #SCSR 
272  A                                
273  A  8249  B6102E                 LDAA  SCSR
274  A  8252  B6000E                 LDAA  U1             * U
275  A  8255  8B30                   ADDA  #$30
276  A  8257  B7102F                 STAA  SCDR
277  A  NaN                   T1
278  A  8260  1F0080F4               BRCLR $00,X,#$80 T1 
279  A                               
280  A  8263  B6102E                 LDAA  SCSR
281  A  8266  B6000F                 LDAA  U2             * U2
282  A  8269  8B30                   ADDA  #$30
283  A  8271  B7102F                 STAA  SCDR
284  A  NaN                   T2
285  A  8274  1F0080F4               BRCLR $00,X,#$80 T2 
286  A                         
287  A  NaN                   DSPLY  
288  A  8277  CE102E                 LDX   #SCSR
289  A                             
290  A  8280  B6102E                 LDAA SCSR
291  A  8283  B60010                 LDAA  U3             * U3
292  A  8286  8B30                   ADDA  #$30
293  A  8288  B7102F                 STAA  SCDR
294  A  NaN                   T3
295  A  8291  1F0080F4               BRCLR $00,X,#$80 T3 
296  A                               
297  A  8294  B6102E                 LDAA SCSR 
298  A  8297  B60011                 LDAA  U4             * U4
299  A  8300  8B30                   ADDA  #$30
300  A  8302  B7102F                 STAA  SCDR
301  A  NaN                   T4
302  A  8305  1F0080F4               BRCLR $00,X,#$80 T4 
303  A                            
304  A  8308  B6102E                 LDAA SCSR
305  A  8311  B60012                 LDAA  U5             * U5
306  A  8314  8B30                   ADDA  #$30
307  A  8316  B7102F                 STAA  SCDR
308  A  NaN                   T5
309  A  8319  1F0080F4               BRCLR $00,X,#$80 T5  
310  A                                
311  A  8322  39                     RTS
312  A                         
313  A                         ***********************************
314  A                         * CARRY RETURN
315  A                         ***********************************
316  A                         
317  A  NaN                   CRYTRN
318  A  8323  CE102E                 LDX   #SCSR 
319  A  8326  B6102E                 LDAA  SCSR
320  A  8329  860A                   LDAA  #$0A             * NEW LINE     
321  A  8331  B7102F                 STAA  SCDR
322  A  NaN                   CR1
323  A  8334  1F0080F4               BRCLR $00,X,#$80 CR1        
324  A                         
325  A  8337  B6102E                 LDAA SCSR
326  A  8340  860D                   LDAA #$0D              * CARRY RETURN     
327  A  8342  B7102F                 STAA SCDR
328  A  NaN                   CR2
329  A  8345  1F0080F4               BRCLR $00,X,#$80 CR2        
330  A                         
331  A  8348  39                     RTS
332  A                         ***********************************
333  A                         *  DESPLIEGUE DE DATO RECIBIDO
334  A                         ***********************************
335  A                         
336  A  NaN                   DATARXESELMEJORDETODOS
337  A                         
338  A  8349  CE102E                 LDX   #SCSR 
339  A  8352  B6102E                 LDAA  SCSR
340  A  8355  B6000C                 LDAA  ORDEN             * NEW LINE     
341  A  8358  B7102F                 STAA  SCDR
342  A  NaN                   DT1
343  A  8361  1F0080F4               BRCLR $00,X,#$80 DT1        
344  A                         
345  A  8364  B6102E                 LDAA SCSR 
346  A  8367  863A                   LDAA #$3A              * DOS PUNTOS    
347  A  8369  B7102F                 STAA SCDR
348  A  NaN                   DT2
349  A  8372  1F0080F4               BRCLR $00,X,#$80 DT2        
350  A                         
351  A  8375  39                     RTS
352  A                         ***********************************
353  A                         * voltimetro
354  A                         ***********************************
355  A  NaN                   VOLTA
356  A  8376  CE1030                LDX #ADCTL      
357  A                         
358  A  8379  8680                  LDAA #$80
359  A  8381  B71039                STAA OPTION        * PONE EN MARCHA EL ADC
360  A                             
361  A  8384  8610                  LDAA #$10
362  A  8386  B71030                STAA ADCTL         * ENTRADA MULTIPLE SELECCIONA CANAL 0
363  A                         
364  A  NaN                   E1
365  A  8389  1F0080F4              BRCLR $00,X,#$80 E1  
366  A  8392  F61031                LDAB ADR1
367  A  8395  F70013                STAB V1
368  A                               
369  A  8398  8680                  LDAA #$80
370  A  8400  B71039                STAA OPTION        * PONE EN MARCHA EL ADC
371  A                             
372  A  8403  8611                  LDAA #$11
373  A  8405  B71030                STAA ADCTL         * ENTRADA MULTIPLE SELECCIONA CANAL 1
374  A                         
375  A  NaN                   E2
376  A  8408  1F0080F4              BRCLR $00,X,#$80 E2  
377  A  8411  F61032                LDAB ADR2
378  E  8414  D7                    STAB V2
   ^^^^   02- VARIABLE INEXISTENTE 
379  A                              
380  A  8415  8612                  LDAA #$12
381  A  8417  B71030                STAA ADCTL         * ENTRADA MULTIPLE SELECCIONA CANAL 2
382  A                         
383  A  NaN                   E3
384  A  8420  1F0080F4              BRCLR $00,X,#$80 E3  
385  A  8423  F61033                LDAB ADR3
386  A  8426  F7001D                STAB V3 
387  A                         
388  A  8429  8613                  LDAA #$13
389  A  8431  B71030                STAA ADCTL         * ENTRADA MULTIPLE SELECCIONA CANAL 3
390  A                         
391  A  NaN                   E4
392  A  8434  1F0080F4              BRCLR $00,X,#$80 E4  
393  A  8437  F61034                LDAB ADR4
394  A  8440  F7001E                STAB V4
395  A                         
396  A                                    
397  A  8443  39                    RTS
398  A                         ***********************************
399  A                         * CONVIERTE A BCD
400  A                         ***********************************
401  A                         
402  A  NaN                   BINBCD
403  A                              
404  A  8444  CE2710                LDX  #$2710
405  A  8447  02                    IDIV 
406  A  8448  8F                    XGDX
407  A  8449  F7000E                STAB U1
408  A  8452  8F                    XGDX
409  E  8453  CE                    LDX  #$3E8
   ^^^^   07- MAGNITUD DE OPERANDO ERRONEA 
410  A  8454  02                    IDIV
411  A  8455  8F                    XGDX
412  A  8456  F7000F                STAB U2
413  A  8459  8F                    XGDX
414  A                         
415  A  NaN                   BNBCD
416  E  8460  CE                    LDX  #$64
   ^^^^   07- MAGNITUD DE OPERANDO ERRONEA 
417  A  8461  02                    IDIV
418  A  8462  8F                    XGDX
419  A  8463  F70010                STAB U3
420  A  8466  8F                    XGDX
421  E  8467  CE                    LDX  #$A
   ^^^^   07- MAGNITUD DE OPERANDO ERRONEA 
422  A  8468  02                    IDIV
423  A  8469  8F                    XGDX
424  A  8470  F70011                STAB U4
425  A  8473  8F                    XGDX
426  A  8474  F70012                STAB U5
427  A                         
428  A                         
429  A                         
430  A  8477  39                    RTS
431  A                         
432  A                         
433  A                         
434  A                         ***********************************
435  A                         * ATENCION A INTERRUPCION SERIAL
436  A                         ***********************************
437  A  NaN                          ORG  $F100
438  A                           
439  A  NaN  36                      PSHA
440  A                          
441  A  NaN  B6102E                  LDAA SCSR
442  A  NaN  B6102F                  LDAA SCDR
443  A  NaN  B7000C                  STAA ORDEN
444  A                         
445  A  NaN  32                      PULA  
446  A                         
447  A  NaN  3B                      RTI
448  A                         
449  A                         ***********************************
450  A                         * ATENCION A INTERRUPCION REAL TIME
451  A                         ***********************************
452  A  NaN                         ORG  $F110
453  A                         
454  A  NaN  36                     PSHA
455  A  NaN  3C                     PSHX
456  A                         
457  A  NaN  CE1025                 LDX #TFLG2
458  A  NaN  1C0040                 BSET $00,X,#$40    * BORRA BANDERA INTERRUPCION
459  A  NaN  7A0018                 DEC TEMPO
460  A  NaN  2702                   BEQ SEGUNDO
461  A                               
462  A  NaN  32                     PULA
463  A  NaN  38                     PULX
464  A  NaN  3B                     RTI
465  A                         
466  A  NaN                   SEGUNDO
467  A  NaN  86FF                   LDAA #$FF
468  A  NaN  B7000D                 STAA SEG           * SEG ES UNA BANDERA DE SEGUNDO    
469  A  NaN  86F4                   LDAA #$F4         
470  A  NaN  B70018                 STAA TEMPO         * TEMPO ES VARIABLE PARA CONTAR 244 CICLOS
471  A  NaN  7C1002                 INC  PORTG
472  A                              
473  A  NaN  32                     PULA
474  A  NaN  38                     PULX
475  A  NaN  3B                     RTI
476  A                         ***********************************
477  A                         * VECTOR INTERRUPCION SERIAL
478  A                         ***********************************
479  A  NaN                          ORG   $FFD6
480  A  NaN                          FCB   $F1,$00       
481  A                         
482  A                         ***********************************
483  A                         * VECTOR INTERRUPCION REAL TIME
484  A                         ***********************************
485  A  NaN                          ORG   $FFF0
486  A  NaN                          FCB   $F1,$10       
487  A                         
488  A                         ***********************************
489  A                         *RESET
490  A                         ***********************************
491  A  NaN                          ORG    $FFFE
492  E                         RESET  FCB    $80,$00
   ^^^^   09- INSTRUCCION CARECE DE AL MENOS UN ESPACIO RELATIVO AL MARGEN 
493  A                         ***********************************
494  A  NaN                          END   $8000
495  A                         
496  A                         
497  A                         
498  A                         
499  A                         
500  A                         
501  A                         
